01-Aug-2023 05:32:06.487 INFO [main] org.apache.catalina.core.ApplicationContext.log ContextListener: contextInitialized()
01-Aug-2023 05:32:06.488 INFO [main] org.apache.catalina.core.ApplicationContext.log SessionListener: contextInitialized()
01-Aug-2023 05:32:06.490 INFO [main] org.apache.catalina.core.ApplicationContext.log ContextListener: attributeAdded('StockTicker', 'async.Stockticker@7bc10d84')
01-Aug-2023 05:38:24.164 INFO [main] org.apache.catalina.core.ApplicationContext.log ContextListener: contextInitialized()
01-Aug-2023 05:38:24.165 INFO [main] org.apache.catalina.core.ApplicationContext.log SessionListener: contextInitialized()
01-Aug-2023 05:38:24.167 INFO [main] org.apache.catalina.core.ApplicationContext.log ContextListener: attributeAdded('StockTicker', 'async.Stockticker@56ace400')
01-Aug-2023 05:38:24.258 INFO [main] org.apache.catalina.core.ApplicationContext.log SessionListener: contextDestroyed()
01-Aug-2023 05:38:24.258 INFO [main] org.apache.catalina.core.ApplicationContext.log ContextListener: contextDestroyed()
01-Aug-2023 05:44:06.661 INFO [Catalina-utility-1] org.apache.catalina.core.ApplicationContext.log SessionListener: contextDestroyed()
01-Aug-2023 05:44:06.661 INFO [Catalina-utility-1] org.apache.catalina.core.ApplicationContext.log ContextListener: contextDestroyed()
01-Aug-2023 05:44:06.874 INFO [Catalina-utility-1] org.apache.catalina.core.ApplicationContext.log ContextListener: contextInitialized()
01-Aug-2023 05:44:06.875 INFO [Catalina-utility-1] org.apache.catalina.core.ApplicationContext.log SessionListener: contextInitialized()
01-Aug-2023 05:44:06.875 INFO [Catalina-utility-1] org.apache.catalina.core.ApplicationContext.log ContextListener: attributeAdded('StockTicker', 'async.Stockticker@25f0256c')
01-Aug-2023 06:00:36.383 INFO [main] org.apache.catalina.core.ApplicationContext.log SessionListener: contextDestroyed()
01-Aug-2023 06:00:36.383 INFO [main] org.apache.catalina.core.ApplicationContext.log ContextListener: contextDestroyed()
01-Aug-2023 06:00:46.255 INFO [main] org.apache.catalina.core.ApplicationContext.log ContextListener: contextInitialized()
01-Aug-2023 06:00:46.257 INFO [main] org.apache.catalina.core.ApplicationContext.log SessionListener: contextInitialized()
01-Aug-2023 06:00:46.259 INFO [main] org.apache.catalina.core.ApplicationContext.log ContextListener: attributeAdded('StockTicker', 'async.Stockticker@65a4798f')
01-Aug-2023 06:58:34.192 INFO [main] org.apache.catalina.core.ApplicationContext.log SessionListener: contextDestroyed()
01-Aug-2023 06:58:34.193 INFO [main] org.apache.catalina.core.ApplicationContext.log ContextListener: contextDestroyed()
01-Aug-2023 06:58:54.996 INFO [main] org.apache.catalina.core.ApplicationContext.log ContextListener: contextInitialized()
01-Aug-2023 06:58:54.999 INFO [main] org.apache.catalina.core.ApplicationContext.log SessionListener: contextInitialized()
01-Aug-2023 06:58:55.002 INFO [main] org.apache.catalina.core.ApplicationContext.log ContextListener: attributeAdded('StockTicker', 'async.Stockticker@277f7dd3')
01-Aug-2023 07:13:54.879 INFO [main] org.apache.catalina.core.ApplicationContext.log SessionListener: contextDestroyed()
01-Aug-2023 07:13:54.879 INFO [main] org.apache.catalina.core.ApplicationContext.log ContextListener: contextDestroyed()
01-Aug-2023 07:14:07.302 INFO [main] org.apache.catalina.core.ApplicationContext.log ContextListener: contextInitialized()
01-Aug-2023 07:14:07.302 INFO [main] org.apache.catalina.core.ApplicationContext.log SessionListener: contextInitialized()
01-Aug-2023 07:14:07.306 INFO [main] org.apache.catalina.core.ApplicationContext.log ContextListener: attributeAdded('StockTicker', 'async.Stockticker@69637b10')
01-Aug-2023 09:13:15.895 INFO [Thread-1] org.apache.catalina.core.ApplicationContext.log SessionListener: contextDestroyed()
01-Aug-2023 09:13:15.895 INFO [Thread-1] org.apache.catalina.core.ApplicationContext.log ContextListener: contextDestroyed()
